

============================== 2023-06-17 05:03:37.164910 | 9d840430-ef9a-42c8-9175-f9e5b565a638 ==============================
[0m05:03:37.164910 [info ] [MainThread]: Running with dbt=1.4.6
[0m05:03:37.167907 [debug] [MainThread]: running dbt with arguments {'write_json': True, 'use_colors': True, 'printer_width': 80, 'version_check': True, 'partial_parse': True, 'static_parser': True, 'profiles_dir': 'C:\\Users\\James\\.dbt', 'send_anonymous_usage_stats': True, 'quiet': False, 'no_print': False, 'cache_selected_only': False, 'skip_profile_setup': False, 'which': 'init', 'indirect_selection': 'eager'}
[0m05:03:37.167907 [debug] [MainThread]: Tracking: tracking
[0m05:03:37.202909 [debug] [MainThread]: Sending event: {'category': 'dbt', 'action': 'invocation', 'label': 'start', 'context': [<snowplow_tracker.self_describing_json.SelfDescribingJson object at 0x000001EEA7AE3640>, <snowplow_tracker.self_describing_json.SelfDescribingJson object at 0x000001EEA7AB7460>, <snowplow_tracker.self_describing_json.SelfDescribingJson object at 0x000001EEA7AB75B0>]}
[0m05:03:45.029657 [debug] [MainThread]: Starter project path: C:\Users\James\AppData\Local\Programs\Python\Python39\lib\site-packages\dbt\include\starter_project


============================== 2023-06-17 05:06:45.322468 | 3ace99c8-4b09-4a99-868b-ca3fe71562f7 ==============================
[0m05:06:45.322468 [info ] [MainThread]: Running with dbt=1.4.6
[0m05:06:45.325471 [debug] [MainThread]: running dbt with arguments {'write_json': True, 'use_colors': True, 'printer_width': 80, 'version_check': True, 'partial_parse': True, 'static_parser': True, 'profiles_dir': 'C:\\Users\\James\\.dbt', 'send_anonymous_usage_stats': True, 'quiet': False, 'no_print': False, 'cache_selected_only': False, 'skip_profile_setup': False, 'which': 'init', 'indirect_selection': 'eager'}
[0m05:06:45.325471 [debug] [MainThread]: Tracking: tracking
[0m05:06:45.339471 [debug] [MainThread]: Sending event: {'category': 'dbt', 'action': 'invocation', 'label': 'start', 'context': [<snowplow_tracker.self_describing_json.SelfDescribingJson object at 0x0000023A3BCC5990>, <snowplow_tracker.self_describing_json.SelfDescribingJson object at 0x0000023A3BCC4790>, <snowplow_tracker.self_describing_json.SelfDescribingJson object at 0x0000023A3BCC5F30>]}
[0m05:08:50.389854 [info ] [MainThread]: A project called azuredbt already exists here.
[0m05:08:50.390850 [debug] [MainThread]: Sending event: {'category': 'dbt', 'action': 'invocation', 'label': 'end', 'context': [<snowplow_tracker.self_describing_json.SelfDescribingJson object at 0x0000023A3BCC6DA0>, <snowplow_tracker.self_describing_json.SelfDescribingJson object at 0x0000023A3BCC79D0>, <snowplow_tracker.self_describing_json.SelfDescribingJson object at 0x0000023A3BCC40D0>]}
[0m05:08:50.391851 [debug] [MainThread]: Flushing usage events


============================== 2023-06-17 05:09:08.218123 | ba83060e-8d5d-4e38-a75d-87c5e05bc97e ==============================
[0m05:09:08.218123 [info ] [MainThread]: Running with dbt=1.4.6
[0m05:09:08.220132 [debug] [MainThread]: running dbt with arguments {'write_json': True, 'use_colors': True, 'printer_width': 80, 'version_check': True, 'partial_parse': True, 'static_parser': True, 'profiles_dir': 'C:\\Users\\James\\.dbt', 'send_anonymous_usage_stats': True, 'quiet': False, 'no_print': False, 'cache_selected_only': False, 'skip_profile_setup': False, 'which': 'init', 'indirect_selection': 'eager'}
[0m05:09:08.221138 [debug] [MainThread]: Tracking: tracking
[0m05:09:08.234124 [debug] [MainThread]: Sending event: {'category': 'dbt', 'action': 'invocation', 'label': 'start', 'context': [<snowplow_tracker.self_describing_json.SelfDescribingJson object at 0x0000015CBA995030>, <snowplow_tracker.self_describing_json.SelfDescribingJson object at 0x0000015CBA9947C0>, <snowplow_tracker.self_describing_json.SelfDescribingJson object at 0x0000015CBA994100>]}
[0m05:09:13.480172 [debug] [MainThread]: Starter project path: C:\Users\James\Python\azure-sql-dbt\venv\lib\site-packages\dbt\include\starter_project
[0m05:09:15.664149 [info ] [MainThread]: No sample profile found for sqlserver.
[0m05:09:15.665162 [info ] [MainThread]: 
Your new dbt project "azuredbt" was created!

For more information on how to configure the profiles.yml file,
please consult the dbt documentation here:

  https://docs.getdbt.com/docs/configure-your-profile

One more thing:

Need help? Don't hesitate to reach out to us via GitHub issues or on Slack:

  https://community.getdbt.com/

Happy modeling!

[0m05:09:15.666162 [debug] [MainThread]: Sending event: {'category': 'dbt', 'action': 'invocation', 'label': 'end', 'context': [<snowplow_tracker.self_describing_json.SelfDescribingJson object at 0x0000015CBA994850>, <snowplow_tracker.self_describing_json.SelfDescribingJson object at 0x0000015CBA9977C0>, <snowplow_tracker.self_describing_json.SelfDescribingJson object at 0x0000015CBA997790>]}
[0m05:09:15.667148 [debug] [MainThread]: Flushing usage events
